2024-05-27 21:20:27,061 INFO  [main] com.presidio.rentify.RentifyBackendApplicationTests : Starting RentifyBackendApplicationTests using Java 17.0.9 with PID 12036 (started by user in D:\obs\Rentify\rentify-backend)
2024-05-27 21:20:27,087 INFO  [main] com.presidio.rentify.RentifyBackendApplicationTests : The following 1 profile is active: "dev"
2024-05-27 21:20:35,603 INFO  [main] org.springframework.data.repository.config.RepositoryConfigurationDelegate : Bootstrapping Spring Data JPA repositories in DEFAULT mode.
2024-05-27 21:20:35,966 INFO  [main] org.springframework.data.repository.config.RepositoryConfigurationDelegate : Finished Spring Data repository scanning in 341 ms. Found 2 JPA repository interfaces.
2024-05-27 21:20:38,327 INFO  [main] org.hibernate.jpa.internal.util.LogHelper : HHH000204: Processing PersistenceUnitInfo [name: default]
2024-05-27 21:20:38,651 INFO  [main] org.hibernate.Version : HHH000412: Hibernate ORM core version 6.4.4.Final
2024-05-27 21:20:38,897 INFO  [main] org.hibernate.cache.internal.RegionFactoryInitiator : HHH000026: Second-level cache disabled
2024-05-27 21:20:39,987 INFO  [main] org.springframework.orm.jpa.persistenceunit.SpringPersistenceUnitInfo : No LoadTimeWeaver setup: ignoring JPA class transformer
2024-05-27 21:20:40,093 INFO  [main] com.zaxxer.hikari.HikariDataSource : HikariPool-1 - Starting...
2024-05-27 21:20:41,805 INFO  [main] com.zaxxer.hikari.pool.HikariPool : HikariPool-1 - Added connection com.mysql.cj.jdbc.ConnectionImpl@20f63ddc
2024-05-27 21:20:41,816 INFO  [main] com.zaxxer.hikari.HikariDataSource : HikariPool-1 - Start completed.
2024-05-27 21:20:44,913 INFO  [main] org.hibernate.engine.transaction.jta.platform.internal.JtaPlatformInitiator : HHH000489: No JTA platform available (set 'hibernate.transaction.jta.platform' to enable JTA platform integration)
2024-05-27 21:20:45,330 INFO  [main] org.springframework.orm.jpa.LocalContainerEntityManagerFactoryBean : Initialized JPA EntityManagerFactory for persistence unit 'default'
2024-05-27 21:20:46,214 INFO  [main] org.springframework.data.jpa.repository.query.QueryEnhancerFactory : Hibernate is in classpath; If applicable, HQL parser will be used.
2024-05-27 21:20:49,095 WARN  [main] org.springframework.boot.autoconfigure.orm.jpa.JpaBaseConfiguration$JpaWebConfiguration : spring.jpa.open-in-view is enabled by default. Therefore, database queries may be performed during view rendering. Explicitly configure spring.jpa.open-in-view to disable this warning
2024-05-27 21:20:50,168 INFO  [main] org.springframework.security.web.DefaultSecurityFilterChain : Will secure any request with [org.springframework.security.web.session.DisableEncodeUrlFilter@7a506493, org.springframework.security.web.context.request.async.WebAsyncManagerIntegrationFilter@334c80be, org.springframework.security.web.context.SecurityContextHolderFilter@231d7386, org.springframework.security.web.header.HeaderWriterFilter@4b2713b1, org.springframework.web.filter.CorsFilter@3c1fe350, org.springframework.security.web.authentication.logout.LogoutFilter@413fe58f, com.presidio.rentify.jwt.AuthFilter@42a89cef, org.springframework.security.web.savedrequest.RequestCacheAwareFilter@51be4bf5, org.springframework.security.web.servletapi.SecurityContextHolderAwareRequestFilter@54b48b, org.springframework.security.web.authentication.AnonymousAuthenticationFilter@2bb7229e, org.springframework.security.web.session.SessionManagementFilter@4bcb45e4, org.springframework.security.web.access.ExceptionTranslationFilter@72e259ca, org.springframework.security.web.access.intercept.AuthorizationFilter@72e76649]
2024-05-27 21:20:51,435 INFO  [main] com.presidio.rentify.RentifyBackendApplicationTests : Started RentifyBackendApplicationTests in 26.92 seconds (process running for 29.954)
2024-05-27 21:20:53,087 INFO  [SpringApplicationShutdownHook] org.springframework.orm.jpa.LocalContainerEntityManagerFactoryBean : Closing JPA EntityManagerFactory for persistence unit 'default'
2024-05-27 21:20:53,093 INFO  [SpringApplicationShutdownHook] com.zaxxer.hikari.HikariDataSource : HikariPool-1 - Shutdown initiated...
2024-05-27 21:20:53,308 INFO  [SpringApplicationShutdownHook] com.zaxxer.hikari.HikariDataSource : HikariPool-1 - Shutdown completed.
